2016-04-30 00:41:26.166  INFO 77563 --- [main] o.a.a.AsionAccountServerApplication      : Starting AsionAccountServerApplication on Luxx.local with PID 77563 (/Users/Asion/Workstation/Personal/java-workspace/asion-project/asion-account/asion-account-server/build/classes/main started by Asion in /Users/Asion/Workstation/Personal/java-workspace/asion-project)
2016-04-30 00:41:26.172  INFO 77563 --- [main] o.a.a.AsionAccountServerApplication      : No active profile set, falling back to default profiles: default
2016-04-30 00:41:26.601  INFO 77563 --- [main] ationConfigEmbeddedWebApplicationContext : Refreshing org.springframework.boot.context.embedded.AnnotationConfigEmbeddedWebApplicationContext@7b8b43c7: startup date [Sat Apr 30 00:41:26 CST 2016]; root of context hierarchy
2016-04-30 00:41:29.047  INFO 77563 --- [main] s.b.c.e.t.TomcatEmbeddedServletContainer : Tomcat initialized with port(s): 9999 (http)
2016-04-30 00:41:29.070  INFO 77563 --- [main] o.apache.catalina.core.StandardService   : Starting service Tomcat
2016-04-30 00:41:29.072  INFO 77563 --- [main] org.apache.catalina.core.StandardEngine  : Starting Servlet Engine: Apache Tomcat/8.0.32
2016-04-30 00:41:29.223  INFO 77563 --- [localhost-startStop-1] o.a.c.c.C.[Tomcat].[localhost].[/]       : Initializing Spring embedded WebApplicationContext
2016-04-30 00:41:29.224  INFO 77563 --- [localhost-startStop-1] o.s.web.context.ContextLoader            : Root WebApplicationContext: initialization completed in 2627 ms
2016-04-30 00:41:29.620  INFO 77563 --- [localhost-startStop-1] o.s.b.c.e.ServletRegistrationBean        : Mapping servlet: 'dispatcherServlet' to [/]
2016-04-30 00:41:29.627  INFO 77563 --- [localhost-startStop-1] o.s.b.c.embedded.FilterRegistrationBean  : Mapping filter: 'metricFilter' to: [/*]
2016-04-30 00:41:29.627  INFO 77563 --- [localhost-startStop-1] o.s.b.c.embedded.FilterRegistrationBean  : Mapping filter: 'characterEncodingFilter' to: [/*]
2016-04-30 00:41:29.628  INFO 77563 --- [localhost-startStop-1] o.s.b.c.embedded.FilterRegistrationBean  : Mapping filter: 'webRequestLoggingFilter' to: [/*]
2016-04-30 00:41:29.628  INFO 77563 --- [localhost-startStop-1] o.s.b.c.embedded.FilterRegistrationBean  : Mapping filter: 'applicationContextIdFilter' to: [/*]
2016-04-30 00:41:30.038  INFO 77563 --- [main] s.w.s.m.m.a.RequestMappingHandlerMapping : Mapped "{[/delete/{id}]}" onto public org.springframework.web.servlet.ModelAndView org.asion.sample.mvc.MessageController.delete(java.lang.Long)
2016-04-30 00:41:30.039  INFO 77563 --- [main] s.w.s.m.m.a.RequestMappingHandlerMapping : Mapped "{[/],methods=[POST]}" onto public org.springframework.web.servlet.ModelAndView org.asion.sample.mvc.MessageController.create(org.asion.sample.Message,org.springframework.validation.BindingResult,org.springframework.web.servlet.mvc.support.RedirectAttributes)
2016-04-30 00:41:30.040  INFO 77563 --- [main] s.w.s.m.m.a.RequestMappingHandlerMapping : Mapped "{[/]}" onto public org.springframework.web.servlet.ModelAndView org.asion.sample.mvc.MessageController.list()
2016-04-30 00:41:30.041  INFO 77563 --- [main] s.w.s.m.m.a.RequestMappingHandlerMapping : Mapped "{[/],methods=[GET],params=[form]}" onto public java.lang.String org.asion.sample.mvc.MessageController.createForm(org.asion.sample.Message)
2016-04-30 00:41:30.041  INFO 77563 --- [main] s.w.s.m.m.a.RequestMappingHandlerMapping : Mapped "{[/foo]}" onto public java.lang.String org.asion.sample.mvc.MessageController.foo()
2016-04-30 00:41:30.042  INFO 77563 --- [main] s.w.s.m.m.a.RequestMappingHandlerMapping : Mapped "{[/modify/{id}],methods=[GET]}" onto public org.springframework.web.servlet.ModelAndView org.asion.sample.mvc.MessageController.modifyForm(org.asion.sample.Message)
2016-04-30 00:41:30.042  INFO 77563 --- [main] s.w.s.m.m.a.RequestMappingHandlerMapping : Mapped "{[/{id}]}" onto public org.springframework.web.servlet.ModelAndView org.asion.sample.mvc.MessageController.view(org.asion.sample.Message)
2016-04-30 00:41:30.057  INFO 77563 --- [main] s.w.s.m.m.a.RequestMappingHandlerMapping : Mapped "{[/error]}" onto public org.springframework.http.ResponseEntity<java.util.Map<java.lang.String, java.lang.Object>> org.springframework.boot.autoconfigure.web.BasicErrorController.error(javax.servlet.http.HttpServletRequest)
2016-04-30 00:41:30.058  INFO 77563 --- [main] s.w.s.m.m.a.RequestMappingHandlerMapping : Mapped "{[/error],produces=[text/html]}" onto public org.springframework.web.servlet.ModelAndView org.springframework.boot.autoconfigure.web.BasicErrorController.errorHtml(javax.servlet.http.HttpServletRequest,javax.servlet.http.HttpServletResponse)
2016-04-30 00:41:30.115  INFO 77563 --- [main] o.s.w.s.handler.SimpleUrlHandlerMapping  : Mapped URL path [/static/**] onto handler of type [class org.springframework.web.servlet.resource.ResourceHttpRequestHandler]
2016-04-30 00:41:30.115  INFO 77563 --- [main] o.s.w.s.handler.SimpleUrlHandlerMapping  : Mapped URL path [/webjars/**] onto handler of type [class org.springframework.web.servlet.resource.ResourceHttpRequestHandler]
2016-04-30 00:41:30.183  INFO 77563 --- [main] s.w.s.m.m.a.RequestMappingHandlerAdapter : Looking for @ControllerAdvice: org.springframework.boot.context.embedded.AnnotationConfigEmbeddedWebApplicationContext@7b8b43c7: startup date [Sat Apr 30 00:41:26 CST 2016]; root of context hierarchy
2016-04-30 00:41:31.049  INFO 77563 --- [main] o.s.b.a.e.mvc.EndpointHandlerMapping     : Mapped "{[/dump || /dump.json],methods=[GET],produces=[application/json]}" onto public java.lang.Object org.springframework.boot.actuate.endpoint.mvc.EndpointMvcAdapter.invoke()
2016-04-30 00:41:31.049  INFO 77563 --- [main] o.s.b.a.e.mvc.EndpointHandlerMapping     : Mapped "{[/configprops || /configprops.json],methods=[GET],produces=[application/json]}" onto public java.lang.Object org.springframework.boot.actuate.endpoint.mvc.EndpointMvcAdapter.invoke()
2016-04-30 00:41:31.050  INFO 77563 --- [main] o.s.b.a.e.mvc.EndpointHandlerMapping     : Mapped "{[/trace || /trace.json],methods=[GET],produces=[application/json]}" onto public java.lang.Object org.springframework.boot.actuate.endpoint.mvc.EndpointMvcAdapter.invoke()
2016-04-30 00:41:31.051  INFO 77563 --- [main] o.s.b.a.e.mvc.EndpointHandlerMapping     : Mapped "{[/beans || /beans.json],methods=[GET],produces=[application/json]}" onto public java.lang.Object org.springframework.boot.actuate.endpoint.mvc.EndpointMvcAdapter.invoke()
2016-04-30 00:41:31.052  INFO 77563 --- [main] o.s.b.a.e.mvc.EndpointHandlerMapping     : Mapped "{[/autoconfig || /autoconfig.json],methods=[GET],produces=[application/json]}" onto public java.lang.Object org.springframework.boot.actuate.endpoint.mvc.EndpointMvcAdapter.invoke()
2016-04-30 00:41:31.053  INFO 77563 --- [main] o.s.b.a.e.mvc.EndpointHandlerMapping     : Mapped "{[/info || /info.json],methods=[GET],produces=[application/json]}" onto public java.lang.Object org.springframework.boot.actuate.endpoint.mvc.EndpointMvcAdapter.invoke()
2016-04-30 00:41:31.054  INFO 77563 --- [main] o.s.b.a.e.mvc.EndpointHandlerMapping     : Mapped "{[/env/{name:.*}],methods=[GET],produces=[application/json]}" onto public java.lang.Object org.springframework.boot.actuate.endpoint.mvc.EnvironmentMvcEndpoint.value(java.lang.String)
2016-04-30 00:41:31.055  INFO 77563 --- [main] o.s.b.a.e.mvc.EndpointHandlerMapping     : Mapped "{[/env || /env.json],methods=[GET],produces=[application/json]}" onto public java.lang.Object org.springframework.boot.actuate.endpoint.mvc.EndpointMvcAdapter.invoke()
2016-04-30 00:41:31.056  INFO 77563 --- [main] o.s.b.a.e.mvc.EndpointHandlerMapping     : Mapped "{[/metrics/{name:.*}],methods=[GET],produces=[application/json]}" onto public java.lang.Object org.springframework.boot.actuate.endpoint.mvc.MetricsMvcEndpoint.value(java.lang.String)
2016-04-30 00:41:31.056  INFO 77563 --- [main] o.s.b.a.e.mvc.EndpointHandlerMapping     : Mapped "{[/metrics || /metrics.json],methods=[GET],produces=[application/json]}" onto public java.lang.Object org.springframework.boot.actuate.endpoint.mvc.EndpointMvcAdapter.invoke()
2016-04-30 00:41:31.057  INFO 77563 --- [main] o.s.b.a.e.mvc.EndpointHandlerMapping     : Mapped "{[/logfile || /logfile.json],methods=[GET || HEAD]}" onto public void org.springframework.boot.actuate.endpoint.mvc.LogFileMvcEndpoint.invoke(javax.servlet.http.HttpServletRequest,javax.servlet.http.HttpServletResponse) throws javax.servlet.ServletException,java.io.IOException
2016-04-30 00:41:31.059  INFO 77563 --- [main] o.s.b.a.e.mvc.EndpointHandlerMapping     : Mapped "{[/health || /health.json],produces=[application/json]}" onto public java.lang.Object org.springframework.boot.actuate.endpoint.mvc.HealthMvcEndpoint.invoke(java.security.Principal)
2016-04-30 00:41:31.060  INFO 77563 --- [main] o.s.b.a.e.mvc.EndpointHandlerMapping     : Mapped "{[/mappings || /mappings.json],methods=[GET],produces=[application/json]}" onto public java.lang.Object org.springframework.boot.actuate.endpoint.mvc.EndpointMvcAdapter.invoke()
2016-04-30 00:41:31.878  INFO 77563 --- [main] o.s.j.e.a.AnnotationMBeanExporter        : Registering beans for JMX exposure on startup
2016-04-30 00:41:31.892  INFO 77563 --- [main] o.s.c.support.DefaultLifecycleProcessor  : Starting beans in phase 0
2016-04-30 00:41:32.321  INFO 77563 --- [main] s.b.c.e.t.TomcatEmbeddedServletContainer : Tomcat started on port(s): 9999 (http)
2016-04-30 00:41:32.333  INFO 77563 --- [main] o.a.a.AsionAccountServerApplication      : Started AsionAccountServerApplication in 6.888 seconds (JVM running for 8.953)
2016-04-30 00:41:45.857  INFO 77563 --- [Thread-2] ationConfigEmbeddedWebApplicationContext : Closing org.springframework.boot.context.embedded.AnnotationConfigEmbeddedWebApplicationContext@7b8b43c7: startup date [Sat Apr 30 00:41:26 CST 2016]; root of context hierarchy
2016-04-30 00:41:45.868  INFO 77563 --- [Thread-2] o.s.c.support.DefaultLifecycleProcessor  : Stopping beans in phase 0
2016-04-30 00:41:45.898  INFO 77563 --- [Thread-2] o.s.j.e.a.AnnotationMBeanExporter        : Unregistering JMX-exposed beans on shutdown
2016-04-30 00:41:50.738  INFO 77572 --- [main] o.a.a.AsionAccountServerApplication      : Starting AsionAccountServerApplication on Luxx.local with PID 77572 (/Users/Asion/Workstation/Personal/java-workspace/asion-project/asion-account/asion-account-server/build/classes/main started by Asion in /Users/Asion/Workstation/Personal/java-workspace/asion-project)
2016-04-30 00:41:50.751  INFO 77572 --- [main] o.a.a.AsionAccountServerApplication      : No active profile set, falling back to default profiles: default
2016-04-30 00:41:51.318  INFO 77572 --- [main] ationConfigEmbeddedWebApplicationContext : Refreshing org.springframework.boot.context.embedded.AnnotationConfigEmbeddedWebApplicationContext@484094a5: startup date [Sat Apr 30 00:41:51 CST 2016]; root of context hierarchy
2016-04-30 00:41:55.192  INFO 77572 --- [main] s.b.c.e.t.TomcatEmbeddedServletContainer : Tomcat initialized with port(s): 9999 (http)
2016-04-30 00:41:55.228  INFO 77572 --- [main] o.apache.catalina.core.StandardService   : Starting service Tomcat
2016-04-30 00:41:55.231  INFO 77572 --- [main] org.apache.catalina.core.StandardEngine  : Starting Servlet Engine: Apache Tomcat/8.0.32
2016-04-30 00:41:55.470  INFO 77572 --- [localhost-startStop-1] o.a.c.c.C.[Tomcat].[localhost].[/]       : Initializing Spring embedded WebApplicationContext
2016-04-30 00:41:55.471  INFO 77572 --- [localhost-startStop-1] o.s.web.context.ContextLoader            : Root WebApplicationContext: initialization completed in 4158 ms
2016-04-30 00:41:55.986  INFO 77572 --- [localhost-startStop-1] o.s.b.c.e.ServletRegistrationBean        : Mapping servlet: 'dispatcherServlet' to [/]
2016-04-30 00:41:55.994  INFO 77572 --- [localhost-startStop-1] o.s.b.c.embedded.FilterRegistrationBean  : Mapping filter: 'metricFilter' to: [/*]
2016-04-30 00:41:55.995  INFO 77572 --- [localhost-startStop-1] o.s.b.c.embedded.FilterRegistrationBean  : Mapping filter: 'characterEncodingFilter' to: [/*]
2016-04-30 00:41:55.995  INFO 77572 --- [localhost-startStop-1] o.s.b.c.embedded.FilterRegistrationBean  : Mapping filter: 'webRequestLoggingFilter' to: [/*]
2016-04-30 00:41:55.995  INFO 77572 --- [localhost-startStop-1] o.s.b.c.embedded.FilterRegistrationBean  : Mapping filter: 'applicationContextIdFilter' to: [/*]
2016-04-30 00:41:56.474  INFO 77572 --- [main] s.w.s.m.m.a.RequestMappingHandlerMapping : Mapped "{[/delete/{id}]}" onto public org.springframework.web.servlet.ModelAndView org.asion.sample.mvc.MessageController.delete(java.lang.Long)
2016-04-30 00:41:56.475  INFO 77572 --- [main] s.w.s.m.m.a.RequestMappingHandlerMapping : Mapped "{[/],methods=[POST]}" onto public org.springframework.web.servlet.ModelAndView org.asion.sample.mvc.MessageController.create(org.asion.sample.Message,org.springframework.validation.BindingResult,org.springframework.web.servlet.mvc.support.RedirectAttributes)
2016-04-30 00:41:56.475  INFO 77572 --- [main] s.w.s.m.m.a.RequestMappingHandlerMapping : Mapped "{[/]}" onto public org.springframework.web.servlet.ModelAndView org.asion.sample.mvc.MessageController.list()
2016-04-30 00:41:56.475  INFO 77572 --- [main] s.w.s.m.m.a.RequestMappingHandlerMapping : Mapped "{[/foo]}" onto public java.lang.String org.asion.sample.mvc.MessageController.foo()
2016-04-30 00:41:56.476  INFO 77572 --- [main] s.w.s.m.m.a.RequestMappingHandlerMapping : Mapped "{[/],methods=[GET],params=[form]}" onto public java.lang.String org.asion.sample.mvc.MessageController.createForm(org.asion.sample.Message)
2016-04-30 00:41:56.477  INFO 77572 --- [main] s.w.s.m.m.a.RequestMappingHandlerMapping : Mapped "{[/modify/{id}],methods=[GET]}" onto public org.springframework.web.servlet.ModelAndView org.asion.sample.mvc.MessageController.modifyForm(org.asion.sample.Message)
2016-04-30 00:41:56.477  INFO 77572 --- [main] s.w.s.m.m.a.RequestMappingHandlerMapping : Mapped "{[/{id}]}" onto public org.springframework.web.servlet.ModelAndView org.asion.sample.mvc.MessageController.view(org.asion.sample.Message)
2016-04-30 00:41:56.491  INFO 77572 --- [main] s.w.s.m.m.a.RequestMappingHandlerMapping : Mapped "{[/error]}" onto public org.springframework.http.ResponseEntity<java.util.Map<java.lang.String, java.lang.Object>> org.springframework.boot.autoconfigure.web.BasicErrorController.error(javax.servlet.http.HttpServletRequest)
2016-04-30 00:41:56.491  INFO 77572 --- [main] s.w.s.m.m.a.RequestMappingHandlerMapping : Mapped "{[/error],produces=[text/html]}" onto public org.springframework.web.servlet.ModelAndView org.springframework.boot.autoconfigure.web.BasicErrorController.errorHtml(javax.servlet.http.HttpServletRequest,javax.servlet.http.HttpServletResponse)
2016-04-30 00:41:56.548  INFO 77572 --- [main] o.s.w.s.handler.SimpleUrlHandlerMapping  : Mapped URL path [/static/**] onto handler of type [class org.springframework.web.servlet.resource.ResourceHttpRequestHandler]
2016-04-30 00:41:56.548  INFO 77572 --- [main] o.s.w.s.handler.SimpleUrlHandlerMapping  : Mapped URL path [/webjars/**] onto handler of type [class org.springframework.web.servlet.resource.ResourceHttpRequestHandler]
2016-04-30 00:41:56.622  INFO 77572 --- [main] s.w.s.m.m.a.RequestMappingHandlerAdapter : Looking for @ControllerAdvice: org.springframework.boot.context.embedded.AnnotationConfigEmbeddedWebApplicationContext@484094a5: startup date [Sat Apr 30 00:41:51 CST 2016]; root of context hierarchy
2016-04-30 00:41:57.701  INFO 77572 --- [main] o.s.b.a.e.mvc.EndpointHandlerMapping     : Mapped "{[/trace || /trace.json],methods=[GET],produces=[application/json]}" onto public java.lang.Object org.springframework.boot.actuate.endpoint.mvc.EndpointMvcAdapter.invoke()
2016-04-30 00:41:57.703  INFO 77572 --- [main] o.s.b.a.e.mvc.EndpointHandlerMapping     : Mapped "{[/dump || /dump.json],methods=[GET],produces=[application/json]}" onto public java.lang.Object org.springframework.boot.actuate.endpoint.mvc.EndpointMvcAdapter.invoke()
2016-04-30 00:41:57.704  INFO 77572 --- [main] o.s.b.a.e.mvc.EndpointHandlerMapping     : Mapped "{[/autoconfig || /autoconfig.json],methods=[GET],produces=[application/json]}" onto public java.lang.Object org.springframework.boot.actuate.endpoint.mvc.EndpointMvcAdapter.invoke()
2016-04-30 00:41:57.708  INFO 77572 --- [main] o.s.b.a.e.mvc.EndpointHandlerMapping     : Mapped "{[/mappings || /mappings.json],methods=[GET],produces=[application/json]}" onto public java.lang.Object org.springframework.boot.actuate.endpoint.mvc.EndpointMvcAdapter.invoke()
2016-04-30 00:41:57.712  INFO 77572 --- [main] o.s.b.a.e.mvc.EndpointHandlerMapping     : Mapped "{[/beans || /beans.json],methods=[GET],produces=[application/json]}" onto public java.lang.Object org.springframework.boot.actuate.endpoint.mvc.EndpointMvcAdapter.invoke()
2016-04-30 00:41:57.713  INFO 77572 --- [main] o.s.b.a.e.mvc.EndpointHandlerMapping     : Mapped "{[/logfile || /logfile.json],methods=[GET || HEAD]}" onto public void org.springframework.boot.actuate.endpoint.mvc.LogFileMvcEndpoint.invoke(javax.servlet.http.HttpServletRequest,javax.servlet.http.HttpServletResponse) throws javax.servlet.ServletException,java.io.IOException
2016-04-30 00:41:57.716  INFO 77572 --- [main] o.s.b.a.e.mvc.EndpointHandlerMapping     : Mapped "{[/health || /health.json],produces=[application/json]}" onto public java.lang.Object org.springframework.boot.actuate.endpoint.mvc.HealthMvcEndpoint.invoke(java.security.Principal)
2016-04-30 00:41:57.718  INFO 77572 --- [main] o.s.b.a.e.mvc.EndpointHandlerMapping     : Mapped "{[/metrics/{name:.*}],methods=[GET],produces=[application/json]}" onto public java.lang.Object org.springframework.boot.actuate.endpoint.mvc.MetricsMvcEndpoint.value(java.lang.String)
2016-04-30 00:41:57.718  INFO 77572 --- [main] o.s.b.a.e.mvc.EndpointHandlerMapping     : Mapped "{[/metrics || /metrics.json],methods=[GET],produces=[application/json]}" onto public java.lang.Object org.springframework.boot.actuate.endpoint.mvc.EndpointMvcAdapter.invoke()
2016-04-30 00:41:57.719  INFO 77572 --- [main] o.s.b.a.e.mvc.EndpointHandlerMapping     : Mapped "{[/configprops || /configprops.json],methods=[GET],produces=[application/json]}" onto public java.lang.Object org.springframework.boot.actuate.endpoint.mvc.EndpointMvcAdapter.invoke()
2016-04-30 00:41:57.727  INFO 77572 --- [main] o.s.b.a.e.mvc.EndpointHandlerMapping     : Mapped "{[/env/{name:.*}],methods=[GET],produces=[application/json]}" onto public java.lang.Object org.springframework.boot.actuate.endpoint.mvc.EnvironmentMvcEndpoint.value(java.lang.String)
2016-04-30 00:41:57.727  INFO 77572 --- [main] o.s.b.a.e.mvc.EndpointHandlerMapping     : Mapped "{[/env || /env.json],methods=[GET],produces=[application/json]}" onto public java.lang.Object org.springframework.boot.actuate.endpoint.mvc.EndpointMvcAdapter.invoke()
2016-04-30 00:41:57.728  INFO 77572 --- [main] o.s.b.a.e.mvc.EndpointHandlerMapping     : Mapped "{[/info || /info.json],methods=[GET],produces=[application/json]}" onto public java.lang.Object org.springframework.boot.actuate.endpoint.mvc.EndpointMvcAdapter.invoke()
2016-04-30 00:41:58.691  INFO 77572 --- [main] o.s.j.e.a.AnnotationMBeanExporter        : Registering beans for JMX exposure on startup
2016-04-30 00:41:58.708  INFO 77572 --- [main] o.s.c.support.DefaultLifecycleProcessor  : Starting beans in phase 0
2016-04-30 00:41:59.174  INFO 77572 --- [main] s.b.c.e.t.TomcatEmbeddedServletContainer : Tomcat started on port(s): 9999 (http)
2016-04-30 00:41:59.183  INFO 77572 --- [main] o.a.a.AsionAccountServerApplication      : Started AsionAccountServerApplication in 10.265 seconds (JVM running for 12.285)
2016-04-30 00:42:41.004  INFO 77572 --- [Thread-2] ationConfigEmbeddedWebApplicationContext : Closing org.springframework.boot.context.embedded.AnnotationConfigEmbeddedWebApplicationContext@484094a5: startup date [Sat Apr 30 00:41:51 CST 2016]; root of context hierarchy
2016-04-30 00:42:41.020  INFO 77572 --- [Thread-2] o.s.c.support.DefaultLifecycleProcessor  : Stopping beans in phase 0
2016-04-30 00:42:41.029  INFO 77572 --- [Thread-2] o.s.j.e.a.AnnotationMBeanExporter        : Unregistering JMX-exposed beans on shutdown
2016-04-30 00:43:42.401  INFO 77606 --- [main] o.a.a.AsionAccountServerApplication      : Starting AsionAccountServerApplication on Luxx.local with PID 77606 (/Users/Asion/Workstation/Personal/java-workspace/asion-project/asion-account/asion-account-server/build/classes/main started by Asion in /Users/Asion/Workstation/Personal/java-workspace/asion-project)
2016-04-30 00:43:42.407  INFO 77606 --- [main] o.a.a.AsionAccountServerApplication      : No active profile set, falling back to default profiles: default
2016-04-30 00:43:42.900  INFO 77606 --- [main] ationConfigEmbeddedWebApplicationContext : Refreshing org.springframework.boot.context.embedded.AnnotationConfigEmbeddedWebApplicationContext@29526c05: startup date [Sat Apr 30 00:43:42 CST 2016]; root of context hierarchy
2016-04-30 00:43:45.722  INFO 77606 --- [main] s.b.c.e.t.TomcatEmbeddedServletContainer : Tomcat initialized with port(s): 9999 (http)
2016-04-30 00:43:45.739  INFO 77606 --- [main] o.apache.catalina.core.StandardService   : Starting service Tomcat
2016-04-30 00:43:45.740  INFO 77606 --- [main] org.apache.catalina.core.StandardEngine  : Starting Servlet Engine: Apache Tomcat/8.0.32
2016-04-30 00:43:45.880  INFO 77606 --- [localhost-startStop-1] o.a.c.c.C.[Tomcat].[localhost].[/]       : Initializing Spring embedded WebApplicationContext
2016-04-30 00:43:45.880  INFO 77606 --- [localhost-startStop-1] o.s.web.context.ContextLoader            : Root WebApplicationContext: initialization completed in 2992 ms
2016-04-30 00:43:46.156  INFO 77606 --- [localhost-startStop-1] o.s.b.c.e.ServletRegistrationBean        : Mapping servlet: 'dispatcherServlet' to [/]
2016-04-30 00:43:46.164  INFO 77606 --- [localhost-startStop-1] o.s.b.c.embedded.FilterRegistrationBean  : Mapping filter: 'metricFilter' to: [/*]
2016-04-30 00:43:46.164  INFO 77606 --- [localhost-startStop-1] o.s.b.c.embedded.FilterRegistrationBean  : Mapping filter: 'characterEncodingFilter' to: [/*]
2016-04-30 00:43:46.164  INFO 77606 --- [localhost-startStop-1] o.s.b.c.embedded.FilterRegistrationBean  : Mapping filter: 'webRequestLoggingFilter' to: [/*]
2016-04-30 00:43:46.165  INFO 77606 --- [localhost-startStop-1] o.s.b.c.embedded.FilterRegistrationBean  : Mapping filter: 'applicationContextIdFilter' to: [/*]
2016-04-30 00:43:46.556  INFO 77606 --- [main] s.w.s.m.m.a.RequestMappingHandlerMapping : Mapped "{[/delete/{id}]}" onto public org.springframework.web.servlet.ModelAndView org.asion.sample.mvc.MessageController.delete(java.lang.Long)
2016-04-30 00:43:46.558  INFO 77606 --- [main] s.w.s.m.m.a.RequestMappingHandlerMapping : Mapped "{[/],methods=[POST]}" onto public org.springframework.web.servlet.ModelAndView org.asion.sample.mvc.MessageController.create(org.asion.sample.Message,org.springframework.validation.BindingResult,org.springframework.web.servlet.mvc.support.RedirectAttributes)
2016-04-30 00:43:46.559  INFO 77606 --- [main] s.w.s.m.m.a.RequestMappingHandlerMapping : Mapped "{[/]}" onto public org.springframework.web.servlet.ModelAndView org.asion.sample.mvc.MessageController.list()
2016-04-30 00:43:46.561  INFO 77606 --- [main] s.w.s.m.m.a.RequestMappingHandlerMapping : Mapped "{[/foo]}" onto public java.lang.String org.asion.sample.mvc.MessageController.foo()
2016-04-30 00:43:46.567  INFO 77606 --- [main] s.w.s.m.m.a.RequestMappingHandlerMapping : Mapped "{[/],methods=[GET],params=[form]}" onto public java.lang.String org.asion.sample.mvc.MessageController.createForm(org.asion.sample.Message)
2016-04-30 00:43:46.568  INFO 77606 --- [main] s.w.s.m.m.a.RequestMappingHandlerMapping : Mapped "{[/modify/{id}],methods=[GET]}" onto public org.springframework.web.servlet.ModelAndView org.asion.sample.mvc.MessageController.modifyForm(org.asion.sample.Message)
2016-04-30 00:43:46.568  INFO 77606 --- [main] s.w.s.m.m.a.RequestMappingHandlerMapping : Mapped "{[/{id}]}" onto public org.springframework.web.servlet.ModelAndView org.asion.sample.mvc.MessageController.view(org.asion.sample.Message)
2016-04-30 00:43:46.747  INFO 77606 --- [main] s.w.s.m.m.a.RequestMappingHandlerMapping : Mapped "{[/error]}" onto public org.springframework.http.ResponseEntity<java.util.Map<java.lang.String, java.lang.Object>> org.springframework.boot.autoconfigure.web.BasicErrorController.error(javax.servlet.http.HttpServletRequest)
2016-04-30 00:43:46.750  INFO 77606 --- [main] s.w.s.m.m.a.RequestMappingHandlerMapping : Mapped "{[/error],produces=[text/html]}" onto public org.springframework.web.servlet.ModelAndView org.springframework.boot.autoconfigure.web.BasicErrorController.errorHtml(javax.servlet.http.HttpServletRequest,javax.servlet.http.HttpServletResponse)
2016-04-30 00:43:46.889  INFO 77606 --- [main] o.s.w.s.handler.SimpleUrlHandlerMapping  : Mapped URL path [/static/**] onto handler of type [class org.springframework.web.servlet.resource.ResourceHttpRequestHandler]
2016-04-30 00:43:46.890  INFO 77606 --- [main] o.s.w.s.handler.SimpleUrlHandlerMapping  : Mapped URL path [/webjars/**] onto handler of type [class org.springframework.web.servlet.resource.ResourceHttpRequestHandler]
2016-04-30 00:43:46.975  INFO 77606 --- [main] s.w.s.m.m.a.RequestMappingHandlerAdapter : Looking for @ControllerAdvice: org.springframework.boot.context.embedded.AnnotationConfigEmbeddedWebApplicationContext@29526c05: startup date [Sat Apr 30 00:43:42 CST 2016]; root of context hierarchy
2016-04-30 00:43:47.762  INFO 77606 --- [main] o.s.b.a.e.mvc.EndpointHandlerMapping     : Mapped "{[/trace || /trace.json],methods=[GET],produces=[application/json]}" onto public java.lang.Object org.springframework.boot.actuate.endpoint.mvc.EndpointMvcAdapter.invoke()
2016-04-30 00:43:47.763  INFO 77606 --- [main] o.s.b.a.e.mvc.EndpointHandlerMapping     : Mapped "{[/info || /info.json],methods=[GET],produces=[application/json]}" onto public java.lang.Object org.springframework.boot.actuate.endpoint.mvc.EndpointMvcAdapter.invoke()
2016-04-30 00:43:47.764  INFO 77606 --- [main] o.s.b.a.e.mvc.EndpointHandlerMapping     : Mapped "{[/beans || /beans.json],methods=[GET],produces=[application/json]}" onto public java.lang.Object org.springframework.boot.actuate.endpoint.mvc.EndpointMvcAdapter.invoke()
2016-04-30 00:43:47.766  INFO 77606 --- [main] o.s.b.a.e.mvc.EndpointHandlerMapping     : Mapped "{[/autoconfig || /autoconfig.json],methods=[GET],produces=[application/json]}" onto public java.lang.Object org.springframework.boot.actuate.endpoint.mvc.EndpointMvcAdapter.invoke()
2016-04-30 00:43:47.768  INFO 77606 --- [main] o.s.b.a.e.mvc.EndpointHandlerMapping     : Mapped "{[/env/{name:.*}],methods=[GET],produces=[application/json]}" onto public java.lang.Object org.springframework.boot.actuate.endpoint.mvc.EnvironmentMvcEndpoint.value(java.lang.String)
2016-04-30 00:43:47.769  INFO 77606 --- [main] o.s.b.a.e.mvc.EndpointHandlerMapping     : Mapped "{[/env || /env.json],methods=[GET],produces=[application/json]}" onto public java.lang.Object org.springframework.boot.actuate.endpoint.mvc.EndpointMvcAdapter.invoke()
2016-04-30 00:43:47.769  INFO 77606 --- [main] o.s.b.a.e.mvc.EndpointHandlerMapping     : Mapped "{[/configprops || /configprops.json],methods=[GET],produces=[application/json]}" onto public java.lang.Object org.springframework.boot.actuate.endpoint.mvc.EndpointMvcAdapter.invoke()
2016-04-30 00:43:47.770  INFO 77606 --- [main] o.s.b.a.e.mvc.EndpointHandlerMapping     : Mapped "{[/logfile || /logfile.json],methods=[GET || HEAD]}" onto public void org.springframework.boot.actuate.endpoint.mvc.LogFileMvcEndpoint.invoke(javax.servlet.http.HttpServletRequest,javax.servlet.http.HttpServletResponse) throws javax.servlet.ServletException,java.io.IOException
2016-04-30 00:43:47.771  INFO 77606 --- [main] o.s.b.a.e.mvc.EndpointHandlerMapping     : Mapped "{[/metrics/{name:.*}],methods=[GET],produces=[application/json]}" onto public java.lang.Object org.springframework.boot.actuate.endpoint.mvc.MetricsMvcEndpoint.value(java.lang.String)
2016-04-30 00:43:47.772  INFO 77606 --- [main] o.s.b.a.e.mvc.EndpointHandlerMapping     : Mapped "{[/metrics || /metrics.json],methods=[GET],produces=[application/json]}" onto public java.lang.Object org.springframework.boot.actuate.endpoint.mvc.EndpointMvcAdapter.invoke()
2016-04-30 00:43:47.772  INFO 77606 --- [main] o.s.b.a.e.mvc.EndpointHandlerMapping     : Mapped "{[/mappings || /mappings.json],methods=[GET],produces=[application/json]}" onto public java.lang.Object org.springframework.boot.actuate.endpoint.mvc.EndpointMvcAdapter.invoke()
2016-04-30 00:43:47.776  INFO 77606 --- [main] o.s.b.a.e.mvc.EndpointHandlerMapping     : Mapped "{[/dump || /dump.json],methods=[GET],produces=[application/json]}" onto public java.lang.Object org.springframework.boot.actuate.endpoint.mvc.EndpointMvcAdapter.invoke()
2016-04-30 00:43:47.779  INFO 77606 --- [main] o.s.b.a.e.mvc.EndpointHandlerMapping     : Mapped "{[/health || /health.json],produces=[application/json]}" onto public java.lang.Object org.springframework.boot.actuate.endpoint.mvc.HealthMvcEndpoint.invoke(java.security.Principal)
2016-04-30 00:43:48.668  INFO 77606 --- [main] o.s.j.e.a.AnnotationMBeanExporter        : Registering beans for JMX exposure on startup
2016-04-30 00:43:48.686  INFO 77606 --- [main] o.s.c.support.DefaultLifecycleProcessor  : Starting beans in phase 0
2016-04-30 00:43:49.184  INFO 77606 --- [main] s.b.c.e.t.TomcatEmbeddedServletContainer : Tomcat started on port(s): 9999 (http)
2016-04-30 00:43:49.193  INFO 77606 --- [main] o.a.a.AsionAccountServerApplication      : Started AsionAccountServerApplication in 8.139 seconds (JVM running for 10.089)
2016-04-30 00:43:53.853  INFO 77606 --- [Thread-2] ationConfigEmbeddedWebApplicationContext : Closing org.springframework.boot.context.embedded.AnnotationConfigEmbeddedWebApplicationContext@29526c05: startup date [Sat Apr 30 00:43:42 CST 2016]; root of context hierarchy
2016-04-30 00:43:53.898  INFO 77606 --- [Thread-2] o.s.c.support.DefaultLifecycleProcessor  : Stopping beans in phase 0
2016-04-30 00:43:53.941  INFO 77606 --- [Thread-2] o.s.j.e.a.AnnotationMBeanExporter        : Unregistering JMX-exposed beans on shutdown
2016-04-30 00:45:06.488  INFO 77629 --- [main] o.a.a.AsionAccountServerApplication      : Starting AsionAccountServerApplication on Luxx.local with PID 77629 (/Users/Asion/Workstation/Personal/java-workspace/asion-project/asion-account/asion-account-server/build/classes/main started by Asion in /Users/Asion/Workstation/Personal/java-workspace/asion-project)
2016-04-30 00:45:06.507  INFO 77629 --- [main] o.a.a.AsionAccountServerApplication      : No active profile set, falling back to default profiles: default
2016-04-30 00:45:07.138  INFO 77629 --- [main] ationConfigEmbeddedWebApplicationContext : Refreshing org.springframework.boot.context.embedded.AnnotationConfigEmbeddedWebApplicationContext@225129c: startup date [Sat Apr 30 00:45:07 CST 2016]; root of context hierarchy
2016-04-30 00:45:10.096  INFO 77629 --- [main] s.b.c.e.t.TomcatEmbeddedServletContainer : Tomcat initialized with port(s): 9999 (http)
2016-04-30 00:45:10.124  INFO 77629 --- [main] o.apache.catalina.core.StandardService   : Starting service Tomcat
2016-04-30 00:45:10.125  INFO 77629 --- [main] org.apache.catalina.core.StandardEngine  : Starting Servlet Engine: Apache Tomcat/8.0.32
2016-04-30 00:45:10.409  INFO 77629 --- [localhost-startStop-1] o.a.c.c.C.[Tomcat].[localhost].[/]       : Initializing Spring embedded WebApplicationContext
2016-04-30 00:45:10.410  INFO 77629 --- [localhost-startStop-1] o.s.web.context.ContextLoader            : Root WebApplicationContext: initialization completed in 3276 ms
2016-04-30 00:45:10.875  INFO 77629 --- [localhost-startStop-1] o.s.b.c.e.ServletRegistrationBean        : Mapping servlet: 'dispatcherServlet' to [/]
2016-04-30 00:45:10.882  INFO 77629 --- [localhost-startStop-1] o.s.b.c.embedded.FilterRegistrationBean  : Mapping filter: 'metricFilter' to: [/*]
2016-04-30 00:45:10.883  INFO 77629 --- [localhost-startStop-1] o.s.b.c.embedded.FilterRegistrationBean  : Mapping filter: 'characterEncodingFilter' to: [/*]
2016-04-30 00:45:10.883  INFO 77629 --- [localhost-startStop-1] o.s.b.c.embedded.FilterRegistrationBean  : Mapping filter: 'webRequestLoggingFilter' to: [/*]
2016-04-30 00:45:10.884  INFO 77629 --- [localhost-startStop-1] o.s.b.c.embedded.FilterRegistrationBean  : Mapping filter: 'applicationContextIdFilter' to: [/*]
2016-04-30 00:45:11.452  INFO 77629 --- [main] s.w.s.m.m.a.RequestMappingHandlerMapping : Mapped "{[/delete/{id}]}" onto public org.springframework.web.servlet.ModelAndView org.asion.sample.mvc.MessageController.delete(java.lang.Long)
2016-04-30 00:45:11.454  INFO 77629 --- [main] s.w.s.m.m.a.RequestMappingHandlerMapping : Mapped "{[/],methods=[POST]}" onto public org.springframework.web.servlet.ModelAndView org.asion.sample.mvc.MessageController.create(org.asion.sample.Message,org.springframework.validation.BindingResult,org.springframework.web.servlet.mvc.support.RedirectAttributes)
2016-04-30 00:45:11.454  INFO 77629 --- [main] s.w.s.m.m.a.RequestMappingHandlerMapping : Mapped "{[/]}" onto public org.springframework.web.servlet.ModelAndView org.asion.sample.mvc.MessageController.list()
2016-04-30 00:45:11.455  INFO 77629 --- [main] s.w.s.m.m.a.RequestMappingHandlerMapping : Mapped "{[/{id}]}" onto public org.springframework.web.servlet.ModelAndView org.asion.sample.mvc.MessageController.view(org.asion.sample.Message)
2016-04-30 00:45:11.455  INFO 77629 --- [main] s.w.s.m.m.a.RequestMappingHandlerMapping : Mapped "{[/],methods=[GET],params=[form]}" onto public java.lang.String org.asion.sample.mvc.MessageController.createForm(org.asion.sample.Message)
2016-04-30 00:45:11.456  INFO 77629 --- [main] s.w.s.m.m.a.RequestMappingHandlerMapping : Mapped "{[/foo]}" onto public java.lang.String org.asion.sample.mvc.MessageController.foo()
2016-04-30 00:45:11.456  INFO 77629 --- [main] s.w.s.m.m.a.RequestMappingHandlerMapping : Mapped "{[/modify/{id}],methods=[GET]}" onto public org.springframework.web.servlet.ModelAndView org.asion.sample.mvc.MessageController.modifyForm(org.asion.sample.Message)
2016-04-30 00:45:11.467  INFO 77629 --- [main] s.w.s.m.m.a.RequestMappingHandlerMapping : Mapped "{[/error]}" onto public org.springframework.http.ResponseEntity<java.util.Map<java.lang.String, java.lang.Object>> org.springframework.boot.autoconfigure.web.BasicErrorController.error(javax.servlet.http.HttpServletRequest)
2016-04-30 00:45:11.468  INFO 77629 --- [main] s.w.s.m.m.a.RequestMappingHandlerMapping : Mapped "{[/error],produces=[text/html]}" onto public org.springframework.web.servlet.ModelAndView org.springframework.boot.autoconfigure.web.BasicErrorController.errorHtml(javax.servlet.http.HttpServletRequest,javax.servlet.http.HttpServletResponse)
2016-04-30 00:45:11.558  INFO 77629 --- [main] o.s.w.s.handler.SimpleUrlHandlerMapping  : Mapped URL path [/static/**] onto handler of type [class org.springframework.web.servlet.resource.ResourceHttpRequestHandler]
2016-04-30 00:45:11.559  INFO 77629 --- [main] o.s.w.s.handler.SimpleUrlHandlerMapping  : Mapped URL path [/webjars/**] onto handler of type [class org.springframework.web.servlet.resource.ResourceHttpRequestHandler]
2016-04-30 00:45:11.649  INFO 77629 --- [main] s.w.s.m.m.a.RequestMappingHandlerAdapter : Looking for @ControllerAdvice: org.springframework.boot.context.embedded.AnnotationConfigEmbeddedWebApplicationContext@225129c: startup date [Sat Apr 30 00:45:07 CST 2016]; root of context hierarchy
2016-04-30 00:45:12.722  INFO 77629 --- [main] o.s.b.a.e.mvc.EndpointHandlerMapping     : Mapped "{[/mappings || /mappings.json],methods=[GET],produces=[application/json]}" onto public java.lang.Object org.springframework.boot.actuate.endpoint.mvc.EndpointMvcAdapter.invoke()
2016-04-30 00:45:12.724  INFO 77629 --- [main] o.s.b.a.e.mvc.EndpointHandlerMapping     : Mapped "{[/logfile || /logfile.json],methods=[GET || HEAD]}" onto public void org.springframework.boot.actuate.endpoint.mvc.LogFileMvcEndpoint.invoke(javax.servlet.http.HttpServletRequest,javax.servlet.http.HttpServletResponse) throws javax.servlet.ServletException,java.io.IOException
2016-04-30 00:45:12.726  INFO 77629 --- [main] o.s.b.a.e.mvc.EndpointHandlerMapping     : Mapped "{[/beans || /beans.json],methods=[GET],produces=[application/json]}" onto public java.lang.Object org.springframework.boot.actuate.endpoint.mvc.EndpointMvcAdapter.invoke()
2016-04-30 00:45:12.730  INFO 77629 --- [main] o.s.b.a.e.mvc.EndpointHandlerMapping     : Mapped "{[/autoconfig || /autoconfig.json],methods=[GET],produces=[application/json]}" onto public java.lang.Object org.springframework.boot.actuate.endpoint.mvc.EndpointMvcAdapter.invoke()
2016-04-30 00:45:12.733  INFO 77629 --- [main] o.s.b.a.e.mvc.EndpointHandlerMapping     : Mapped "{[/health || /health.json],produces=[application/json]}" onto public java.lang.Object org.springframework.boot.actuate.endpoint.mvc.HealthMvcEndpoint.invoke(java.security.Principal)
2016-04-30 00:45:12.736  INFO 77629 --- [main] o.s.b.a.e.mvc.EndpointHandlerMapping     : Mapped "{[/info || /info.json],methods=[GET],produces=[application/json]}" onto public java.lang.Object org.springframework.boot.actuate.endpoint.mvc.EndpointMvcAdapter.invoke()
2016-04-30 00:45:12.738  INFO 77629 --- [main] o.s.b.a.e.mvc.EndpointHandlerMapping     : Mapped "{[/env/{name:.*}],methods=[GET],produces=[application/json]}" onto public java.lang.Object org.springframework.boot.actuate.endpoint.mvc.EnvironmentMvcEndpoint.value(java.lang.String)
2016-04-30 00:45:12.738  INFO 77629 --- [main] o.s.b.a.e.mvc.EndpointHandlerMapping     : Mapped "{[/env || /env.json],methods=[GET],produces=[application/json]}" onto public java.lang.Object org.springframework.boot.actuate.endpoint.mvc.EndpointMvcAdapter.invoke()
2016-04-30 00:45:12.739  INFO 77629 --- [main] o.s.b.a.e.mvc.EndpointHandlerMapping     : Mapped "{[/metrics/{name:.*}],methods=[GET],produces=[application/json]}" onto public java.lang.Object org.springframework.boot.actuate.endpoint.mvc.MetricsMvcEndpoint.value(java.lang.String)
2016-04-30 00:45:12.740  INFO 77629 --- [main] o.s.b.a.e.mvc.EndpointHandlerMapping     : Mapped "{[/metrics || /metrics.json],methods=[GET],produces=[application/json]}" onto public java.lang.Object org.springframework.boot.actuate.endpoint.mvc.EndpointMvcAdapter.invoke()
2016-04-30 00:45:12.742  INFO 77629 --- [main] o.s.b.a.e.mvc.EndpointHandlerMapping     : Mapped "{[/dump || /dump.json],methods=[GET],produces=[application/json]}" onto public java.lang.Object org.springframework.boot.actuate.endpoint.mvc.EndpointMvcAdapter.invoke()
2016-04-30 00:45:12.743  INFO 77629 --- [main] o.s.b.a.e.mvc.EndpointHandlerMapping     : Mapped "{[/configprops || /configprops.json],methods=[GET],produces=[application/json]}" onto public java.lang.Object org.springframework.boot.actuate.endpoint.mvc.EndpointMvcAdapter.invoke()
2016-04-30 00:45:12.745  INFO 77629 --- [main] o.s.b.a.e.mvc.EndpointHandlerMapping     : Mapped "{[/trace || /trace.json],methods=[GET],produces=[application/json]}" onto public java.lang.Object org.springframework.boot.actuate.endpoint.mvc.EndpointMvcAdapter.invoke()
2016-04-30 00:45:13.814  INFO 77629 --- [main] o.s.j.e.a.AnnotationMBeanExporter        : Registering beans for JMX exposure on startup
2016-04-30 00:45:13.848  INFO 77629 --- [main] o.s.c.support.DefaultLifecycleProcessor  : Starting beans in phase 0
2016-04-30 00:45:14.249  INFO 77629 --- [main] s.b.c.e.t.TomcatEmbeddedServletContainer : Tomcat started on port(s): 9999 (http)
2016-04-30 00:45:14.285  INFO 77629 --- [main] o.a.a.AsionAccountServerApplication      : Started AsionAccountServerApplication in 9.647 seconds (JVM running for 11.97)
2016-04-30 00:45:39.559  INFO 77629 --- [Thread-2] ationConfigEmbeddedWebApplicationContext : Closing org.springframework.boot.context.embedded.AnnotationConfigEmbeddedWebApplicationContext@225129c: startup date [Sat Apr 30 00:45:07 CST 2016]; root of context hierarchy
2016-04-30 00:45:39.573  INFO 77629 --- [Thread-2] o.s.c.support.DefaultLifecycleProcessor  : Stopping beans in phase 0
2016-04-30 00:45:39.618  INFO 77629 --- [Thread-2] o.s.j.e.a.AnnotationMBeanExporter        : Unregistering JMX-exposed beans on shutdown
2016-04-30 00:51:10.913  INFO 77661 --- [main] o.a.a.AsionAccountServerApplication      : Starting AsionAccountServerApplication on Luxx.local with PID 77661 (/Users/Asion/Workstation/Personal/java-workspace/asion-project/asion-account/asion-account-server/build/classes/main started by Asion in /Users/Asion/Workstation/Personal/java-workspace/asion-project)
2016-04-30 00:51:10.931  INFO 77661 --- [main] o.a.a.AsionAccountServerApplication      : No active profile set, falling back to default profiles: default
2016-04-30 00:51:11.419  INFO 77661 --- [main] ationConfigEmbeddedWebApplicationContext : Refreshing org.springframework.boot.context.embedded.AnnotationConfigEmbeddedWebApplicationContext@21129f1f: startup date [Sat Apr 30 00:51:11 CST 2016]; root of context hierarchy
2016-04-30 00:51:14.013  INFO 77661 --- [main] s.b.c.e.t.TomcatEmbeddedServletContainer : Tomcat initialized with port(s): 9999 (http)
2016-04-30 00:51:14.038  INFO 77661 --- [main] o.apache.catalina.core.StandardService   : Starting service Tomcat
2016-04-30 00:51:14.040  INFO 77661 --- [main] org.apache.catalina.core.StandardEngine  : Starting Servlet Engine: Apache Tomcat/8.0.32
2016-04-30 00:51:14.192  INFO 77661 --- [localhost-startStop-1] o.a.c.c.C.[Tomcat].[localhost].[/]       : Initializing Spring embedded WebApplicationContext
2016-04-30 00:51:14.192  INFO 77661 --- [localhost-startStop-1] o.s.web.context.ContextLoader            : Root WebApplicationContext: initialization completed in 2778 ms
2016-04-30 00:51:14.624  INFO 77661 --- [localhost-startStop-1] o.s.b.c.e.ServletRegistrationBean        : Mapping servlet: 'dispatcherServlet' to [/]
2016-04-30 00:51:14.634  INFO 77661 --- [localhost-startStop-1] o.s.b.c.embedded.FilterRegistrationBean  : Mapping filter: 'metricFilter' to: [/*]
2016-04-30 00:51:14.635  INFO 77661 --- [localhost-startStop-1] o.s.b.c.embedded.FilterRegistrationBean  : Mapping filter: 'characterEncodingFilter' to: [/*]
2016-04-30 00:51:14.636  INFO 77661 --- [localhost-startStop-1] o.s.b.c.embedded.FilterRegistrationBean  : Mapping filter: 'webRequestLoggingFilter' to: [/*]
2016-04-30 00:51:14.636  INFO 77661 --- [localhost-startStop-1] o.s.b.c.embedded.FilterRegistrationBean  : Mapping filter: 'applicationContextIdFilter' to: [/*]
2016-04-30 00:51:15.070  INFO 77661 --- [main] s.w.s.m.m.a.RequestMappingHandlerMapping : Mapped "{[/delete/{id}]}" onto public org.springframework.web.servlet.ModelAndView org.asion.sample.mvc.MessageController.delete(java.lang.Long)
2016-04-30 00:51:15.071  INFO 77661 --- [main] s.w.s.m.m.a.RequestMappingHandlerMapping : Mapped "{[/],methods=[POST]}" onto public org.springframework.web.servlet.ModelAndView org.asion.sample.mvc.MessageController.create(org.asion.sample.Message,org.springframework.validation.BindingResult,org.springframework.web.servlet.mvc.support.RedirectAttributes)
2016-04-30 00:51:15.072  INFO 77661 --- [main] s.w.s.m.m.a.RequestMappingHandlerMapping : Mapped "{[/]}" onto public org.springframework.web.servlet.ModelAndView org.asion.sample.mvc.MessageController.list()
2016-04-30 00:51:15.072  INFO 77661 --- [main] s.w.s.m.m.a.RequestMappingHandlerMapping : Mapped "{[/],methods=[GET],params=[form]}" onto public java.lang.String org.asion.sample.mvc.MessageController.createForm(org.asion.sample.Message)
2016-04-30 00:51:15.072  INFO 77661 --- [main] s.w.s.m.m.a.RequestMappingHandlerMapping : Mapped "{[/foo]}" onto public java.lang.String org.asion.sample.mvc.MessageController.foo()
2016-04-30 00:51:15.072  INFO 77661 --- [main] s.w.s.m.m.a.RequestMappingHandlerMapping : Mapped "{[/modify/{id}],methods=[GET]}" onto public org.springframework.web.servlet.ModelAndView org.asion.sample.mvc.MessageController.modifyForm(org.asion.sample.Message)
2016-04-30 00:51:15.073  INFO 77661 --- [main] s.w.s.m.m.a.RequestMappingHandlerMapping : Mapped "{[/{id}]}" onto public org.springframework.web.servlet.ModelAndView org.asion.sample.mvc.MessageController.view(org.asion.sample.Message)
2016-04-30 00:51:15.084  INFO 77661 --- [main] s.w.s.m.m.a.RequestMappingHandlerMapping : Mapped "{[/error]}" onto public org.springframework.http.ResponseEntity<java.util.Map<java.lang.String, java.lang.Object>> org.springframework.boot.autoconfigure.web.BasicErrorController.error(javax.servlet.http.HttpServletRequest)
2016-04-30 00:51:15.085  INFO 77661 --- [main] s.w.s.m.m.a.RequestMappingHandlerMapping : Mapped "{[/error],produces=[text/html]}" onto public org.springframework.web.servlet.ModelAndView org.springframework.boot.autoconfigure.web.BasicErrorController.errorHtml(javax.servlet.http.HttpServletRequest,javax.servlet.http.HttpServletResponse)
2016-04-30 00:51:15.132  INFO 77661 --- [main] o.s.w.s.handler.SimpleUrlHandlerMapping  : Mapped URL path [/static/**] onto handler of type [class org.springframework.web.servlet.resource.ResourceHttpRequestHandler]
2016-04-30 00:51:15.133  INFO 77661 --- [main] o.s.w.s.handler.SimpleUrlHandlerMapping  : Mapped URL path [/webjars/**] onto handler of type [class org.springframework.web.servlet.resource.ResourceHttpRequestHandler]
2016-04-30 00:51:15.195  INFO 77661 --- [main] s.w.s.m.m.a.RequestMappingHandlerAdapter : Looking for @ControllerAdvice: org.springframework.boot.context.embedded.AnnotationConfigEmbeddedWebApplicationContext@21129f1f: startup date [Sat Apr 30 00:51:11 CST 2016]; root of context hierarchy
2016-04-30 00:51:15.975  INFO 77661 --- [main] o.s.b.a.e.mvc.EndpointHandlerMapping     : Mapped "{[/metrics/{name:.*}],methods=[GET],produces=[application/json]}" onto public java.lang.Object org.springframework.boot.actuate.endpoint.mvc.MetricsMvcEndpoint.value(java.lang.String)
2016-04-30 00:51:15.976  INFO 77661 --- [main] o.s.b.a.e.mvc.EndpointHandlerMapping     : Mapped "{[/metrics || /metrics.json],methods=[GET],produces=[application/json]}" onto public java.lang.Object org.springframework.boot.actuate.endpoint.mvc.EndpointMvcAdapter.invoke()
2016-04-30 00:51:15.977  INFO 77661 --- [main] o.s.b.a.e.mvc.EndpointHandlerMapping     : Mapped "{[/env/{name:.*}],methods=[GET],produces=[application/json]}" onto public java.lang.Object org.springframework.boot.actuate.endpoint.mvc.EnvironmentMvcEndpoint.value(java.lang.String)
2016-04-30 00:51:15.977  INFO 77661 --- [main] o.s.b.a.e.mvc.EndpointHandlerMapping     : Mapped "{[/env || /env.json],methods=[GET],produces=[application/json]}" onto public java.lang.Object org.springframework.boot.actuate.endpoint.mvc.EndpointMvcAdapter.invoke()
2016-04-30 00:51:15.978  INFO 77661 --- [main] o.s.b.a.e.mvc.EndpointHandlerMapping     : Mapped "{[/health || /health.json],produces=[application/json]}" onto public java.lang.Object org.springframework.boot.actuate.endpoint.mvc.HealthMvcEndpoint.invoke(java.security.Principal)
2016-04-30 00:51:15.979  INFO 77661 --- [main] o.s.b.a.e.mvc.EndpointHandlerMapping     : Mapped "{[/mappings || /mappings.json],methods=[GET],produces=[application/json]}" onto public java.lang.Object org.springframework.boot.actuate.endpoint.mvc.EndpointMvcAdapter.invoke()
2016-04-30 00:51:15.980  INFO 77661 --- [main] o.s.b.a.e.mvc.EndpointHandlerMapping     : Mapped "{[/beans || /beans.json],methods=[GET],produces=[application/json]}" onto public java.lang.Object org.springframework.boot.actuate.endpoint.mvc.EndpointMvcAdapter.invoke()
2016-04-30 00:51:15.981  INFO 77661 --- [main] o.s.b.a.e.mvc.EndpointHandlerMapping     : Mapped "{[/info || /info.json],methods=[GET],produces=[application/json]}" onto public java.lang.Object org.springframework.boot.actuate.endpoint.mvc.EndpointMvcAdapter.invoke()
2016-04-30 00:51:15.982  INFO 77661 --- [main] o.s.b.a.e.mvc.EndpointHandlerMapping     : Mapped "{[/logfile || /logfile.json],methods=[GET || HEAD]}" onto public void org.springframework.boot.actuate.endpoint.mvc.LogFileMvcEndpoint.invoke(javax.servlet.http.HttpServletRequest,javax.servlet.http.HttpServletResponse) throws javax.servlet.ServletException,java.io.IOException
2016-04-30 00:51:15.983  INFO 77661 --- [main] o.s.b.a.e.mvc.EndpointHandlerMapping     : Mapped "{[/autoconfig || /autoconfig.json],methods=[GET],produces=[application/json]}" onto public java.lang.Object org.springframework.boot.actuate.endpoint.mvc.EndpointMvcAdapter.invoke()
2016-04-30 00:51:15.985  INFO 77661 --- [main] o.s.b.a.e.mvc.EndpointHandlerMapping     : Mapped "{[/configprops || /configprops.json],methods=[GET],produces=[application/json]}" onto public java.lang.Object org.springframework.boot.actuate.endpoint.mvc.EndpointMvcAdapter.invoke()
2016-04-30 00:51:15.986  INFO 77661 --- [main] o.s.b.a.e.mvc.EndpointHandlerMapping     : Mapped "{[/trace || /trace.json],methods=[GET],produces=[application/json]}" onto public java.lang.Object org.springframework.boot.actuate.endpoint.mvc.EndpointMvcAdapter.invoke()
2016-04-30 00:51:15.987  INFO 77661 --- [main] o.s.b.a.e.mvc.EndpointHandlerMapping     : Mapped "{[/dump || /dump.json],methods=[GET],produces=[application/json]}" onto public java.lang.Object org.springframework.boot.actuate.endpoint.mvc.EndpointMvcAdapter.invoke()
2016-04-30 00:51:16.711  INFO 77661 --- [main] o.s.j.e.a.AnnotationMBeanExporter        : Registering beans for JMX exposure on startup
2016-04-30 00:51:16.723  INFO 77661 --- [main] o.s.c.support.DefaultLifecycleProcessor  : Starting beans in phase 0
2016-04-30 00:51:17.137  INFO 77661 --- [main] s.b.c.e.t.TomcatEmbeddedServletContainer : Tomcat started on port(s): 9999 (http)
2016-04-30 00:51:17.146  INFO 77661 --- [main] o.a.a.AsionAccountServerApplication      : Started AsionAccountServerApplication in 6.99 seconds (JVM running for 9.277)
2016-04-30 01:40:08.967  INFO 77661 --- [Thread-2] ationConfigEmbeddedWebApplicationContext : Closing org.springframework.boot.context.embedded.AnnotationConfigEmbeddedWebApplicationContext@21129f1f: startup date [Sat Apr 30 00:51:11 CST 2016]; root of context hierarchy
2016-04-30 01:40:09.109  INFO 77661 --- [Thread-2] o.s.c.support.DefaultLifecycleProcessor  : Stopping beans in phase 0
2016-04-30 01:40:09.197  INFO 77661 --- [Thread-2] o.s.j.e.a.AnnotationMBeanExporter        : Unregistering JMX-exposed beans on shutdown
2016-04-30 01:40:19.058  INFO 79257 --- [main] o.a.a.AsionAccountServerApplication      : Starting AsionAccountServerApplication on Luxx.local with PID 79257 (/Users/Asion/Workstation/Personal/java-workspace/asion-project/asion-account/asion-account-server/build/classes/main started by Asion in /Users/Asion/Workstation/Personal/java-workspace/asion-project)
2016-04-30 01:40:19.064  INFO 79257 --- [main] o.a.a.AsionAccountServerApplication      : No active profile set, falling back to default profiles: default
2016-04-30 01:40:19.691  INFO 79257 --- [main] ationConfigEmbeddedWebApplicationContext : Refreshing org.springframework.boot.context.embedded.AnnotationConfigEmbeddedWebApplicationContext@5ba88be8: startup date [Sat Apr 30 01:40:19 CST 2016]; root of context hierarchy
2016-04-30 01:40:22.515  INFO 79257 --- [main] s.b.c.e.t.TomcatEmbeddedServletContainer : Tomcat initialized with port(s): 9999 (http)
2016-04-30 01:40:22.543  INFO 79257 --- [main] o.apache.catalina.core.StandardService   : Starting service Tomcat
2016-04-30 01:40:22.548  INFO 79257 --- [main] org.apache.catalina.core.StandardEngine  : Starting Servlet Engine: Apache Tomcat/8.0.32
2016-04-30 01:40:22.727  INFO 79257 --- [localhost-startStop-1] o.a.c.c.C.[Tomcat].[localhost].[/]       : Initializing Spring embedded WebApplicationContext
2016-04-30 01:40:22.728  INFO 79257 --- [localhost-startStop-1] o.s.web.context.ContextLoader            : Root WebApplicationContext: initialization completed in 3040 ms
2016-04-30 01:40:23.078  INFO 79257 --- [localhost-startStop-1] o.s.b.c.e.ServletRegistrationBean        : Mapping servlet: 'dispatcherServlet' to [/]
2016-04-30 01:40:23.089  INFO 79257 --- [localhost-startStop-1] o.s.b.c.embedded.FilterRegistrationBean  : Mapping filter: 'metricFilter' to: [/*]
2016-04-30 01:40:23.090  INFO 79257 --- [localhost-startStop-1] o.s.b.c.embedded.FilterRegistrationBean  : Mapping filter: 'characterEncodingFilter' to: [/*]
2016-04-30 01:40:23.091  INFO 79257 --- [localhost-startStop-1] o.s.b.c.embedded.FilterRegistrationBean  : Mapping filter: 'webRequestLoggingFilter' to: [/*]
2016-04-30 01:40:23.091  INFO 79257 --- [localhost-startStop-1] o.s.b.c.embedded.FilterRegistrationBean  : Mapping filter: 'applicationContextIdFilter' to: [/*]
2016-04-30 01:40:23.669  INFO 79257 --- [main] s.w.s.m.m.a.RequestMappingHandlerMapping : Mapped "{[/delete/{id}]}" onto public org.springframework.web.servlet.ModelAndView org.asion.sample.mvc.MessageController.delete(java.lang.Long)
2016-04-30 01:40:23.671  INFO 79257 --- [main] s.w.s.m.m.a.RequestMappingHandlerMapping : Mapped "{[/],methods=[POST]}" onto public org.springframework.web.servlet.ModelAndView org.asion.sample.mvc.MessageController.create(org.asion.sample.Message,org.springframework.validation.BindingResult,org.springframework.web.servlet.mvc.support.RedirectAttributes)
2016-04-30 01:40:23.671  INFO 79257 --- [main] s.w.s.m.m.a.RequestMappingHandlerMapping : Mapped "{[/]}" onto public org.springframework.web.servlet.ModelAndView org.asion.sample.mvc.MessageController.list()
2016-04-30 01:40:23.671  INFO 79257 --- [main] s.w.s.m.m.a.RequestMappingHandlerMapping : Mapped "{[/{id}]}" onto public org.springframework.web.servlet.ModelAndView org.asion.sample.mvc.MessageController.view(org.asion.sample.Message)
2016-04-30 01:40:23.672  INFO 79257 --- [main] s.w.s.m.m.a.RequestMappingHandlerMapping : Mapped "{[/],methods=[GET],params=[form]}" onto public java.lang.String org.asion.sample.mvc.MessageController.createForm(org.asion.sample.Message)
2016-04-30 01:40:23.672  INFO 79257 --- [main] s.w.s.m.m.a.RequestMappingHandlerMapping : Mapped "{[/foo]}" onto public java.lang.String org.asion.sample.mvc.MessageController.foo()
2016-04-30 01:40:23.673  INFO 79257 --- [main] s.w.s.m.m.a.RequestMappingHandlerMapping : Mapped "{[/modify/{id}],methods=[GET]}" onto public org.springframework.web.servlet.ModelAndView org.asion.sample.mvc.MessageController.modifyForm(org.asion.sample.Message)
2016-04-30 01:40:23.689  INFO 79257 --- [main] s.w.s.m.m.a.RequestMappingHandlerMapping : Mapped "{[/error]}" onto public org.springframework.http.ResponseEntity<java.util.Map<java.lang.String, java.lang.Object>> org.springframework.boot.autoconfigure.web.BasicErrorController.error(javax.servlet.http.HttpServletRequest)
2016-04-30 01:40:23.689  INFO 79257 --- [main] s.w.s.m.m.a.RequestMappingHandlerMapping : Mapped "{[/error],produces=[text/html]}" onto public org.springframework.web.servlet.ModelAndView org.springframework.boot.autoconfigure.web.BasicErrorController.errorHtml(javax.servlet.http.HttpServletRequest,javax.servlet.http.HttpServletResponse)
2016-04-30 01:40:23.769  INFO 79257 --- [main] o.s.w.s.handler.SimpleUrlHandlerMapping  : Mapped URL path [/static/**] onto handler of type [class org.springframework.web.servlet.resource.ResourceHttpRequestHandler]
2016-04-30 01:40:23.769  INFO 79257 --- [main] o.s.w.s.handler.SimpleUrlHandlerMapping  : Mapped URL path [/webjars/**] onto handler of type [class org.springframework.web.servlet.resource.ResourceHttpRequestHandler]
2016-04-30 01:40:23.861  INFO 79257 --- [main] s.w.s.m.m.a.RequestMappingHandlerAdapter : Looking for @ControllerAdvice: org.springframework.boot.context.embedded.AnnotationConfigEmbeddedWebApplicationContext@5ba88be8: startup date [Sat Apr 30 01:40:19 CST 2016]; root of context hierarchy
2016-04-30 01:40:25.002  INFO 79257 --- [main] o.s.b.a.e.mvc.EndpointHandlerMapping     : Mapped "{[/info || /info.json],methods=[GET],produces=[application/json]}" onto public java.lang.Object org.springframework.boot.actuate.endpoint.mvc.EndpointMvcAdapter.invoke()
2016-04-30 01:40:25.005  INFO 79257 --- [main] o.s.b.a.e.mvc.EndpointHandlerMapping     : Mapped "{[/dump || /dump.json],methods=[GET],produces=[application/json]}" onto public java.lang.Object org.springframework.boot.actuate.endpoint.mvc.EndpointMvcAdapter.invoke()
2016-04-30 01:40:25.006  INFO 79257 --- [main] o.s.b.a.e.mvc.EndpointHandlerMapping     : Mapped "{[/trace || /trace.json],methods=[GET],produces=[application/json]}" onto public java.lang.Object org.springframework.boot.actuate.endpoint.mvc.EndpointMvcAdapter.invoke()
2016-04-30 01:40:25.008  INFO 79257 --- [main] o.s.b.a.e.mvc.EndpointHandlerMapping     : Mapped "{[/metrics/{name:.*}],methods=[GET],produces=[application/json]}" onto public java.lang.Object org.springframework.boot.actuate.endpoint.mvc.MetricsMvcEndpoint.value(java.lang.String)
2016-04-30 01:40:25.008  INFO 79257 --- [main] o.s.b.a.e.mvc.EndpointHandlerMapping     : Mapped "{[/metrics || /metrics.json],methods=[GET],produces=[application/json]}" onto public java.lang.Object org.springframework.boot.actuate.endpoint.mvc.EndpointMvcAdapter.invoke()
2016-04-30 01:40:25.010  INFO 79257 --- [main] o.s.b.a.e.mvc.EndpointHandlerMapping     : Mapped "{[/health || /health.json],produces=[application/json]}" onto public java.lang.Object org.springframework.boot.actuate.endpoint.mvc.HealthMvcEndpoint.invoke(java.security.Principal)
2016-04-30 01:40:25.019  INFO 79257 --- [main] o.s.b.a.e.mvc.EndpointHandlerMapping     : Mapped "{[/env/{name:.*}],methods=[GET],produces=[application/json]}" onto public java.lang.Object org.springframework.boot.actuate.endpoint.mvc.EnvironmentMvcEndpoint.value(java.lang.String)
2016-04-30 01:40:25.019  INFO 79257 --- [main] o.s.b.a.e.mvc.EndpointHandlerMapping     : Mapped "{[/env || /env.json],methods=[GET],produces=[application/json]}" onto public java.lang.Object org.springframework.boot.actuate.endpoint.mvc.EndpointMvcAdapter.invoke()
2016-04-30 01:40:25.020  INFO 79257 --- [main] o.s.b.a.e.mvc.EndpointHandlerMapping     : Mapped "{[/logfile || /logfile.json],methods=[GET || HEAD]}" onto public void org.springframework.boot.actuate.endpoint.mvc.LogFileMvcEndpoint.invoke(javax.servlet.http.HttpServletRequest,javax.servlet.http.HttpServletResponse) throws javax.servlet.ServletException,java.io.IOException
2016-04-30 01:40:25.021  INFO 79257 --- [main] o.s.b.a.e.mvc.EndpointHandlerMapping     : Mapped "{[/beans || /beans.json],methods=[GET],produces=[application/json]}" onto public java.lang.Object org.springframework.boot.actuate.endpoint.mvc.EndpointMvcAdapter.invoke()
2016-04-30 01:40:25.022  INFO 79257 --- [main] o.s.b.a.e.mvc.EndpointHandlerMapping     : Mapped "{[/autoconfig || /autoconfig.json],methods=[GET],produces=[application/json]}" onto public java.lang.Object org.springframework.boot.actuate.endpoint.mvc.EndpointMvcAdapter.invoke()
2016-04-30 01:40:25.024  INFO 79257 --- [main] o.s.b.a.e.mvc.EndpointHandlerMapping     : Mapped "{[/mappings || /mappings.json],methods=[GET],produces=[application/json]}" onto public java.lang.Object org.springframework.boot.actuate.endpoint.mvc.EndpointMvcAdapter.invoke()
2016-04-30 01:40:25.029  INFO 79257 --- [main] o.s.b.a.e.mvc.EndpointHandlerMapping     : Mapped "{[/configprops || /configprops.json],methods=[GET],produces=[application/json]}" onto public java.lang.Object org.springframework.boot.actuate.endpoint.mvc.EndpointMvcAdapter.invoke()
2016-04-30 01:40:25.977  INFO 79257 --- [main] o.s.j.e.a.AnnotationMBeanExporter        : Registering beans for JMX exposure on startup
2016-04-30 01:40:25.991  INFO 79257 --- [main] o.s.c.support.DefaultLifecycleProcessor  : Starting beans in phase 0
2016-04-30 01:40:26.499  INFO 79257 --- [main] s.b.c.e.t.TomcatEmbeddedServletContainer : Tomcat started on port(s): 9999 (http)
2016-04-30 01:40:26.507  INFO 79257 --- [main] o.a.a.AsionAccountServerApplication      : Started AsionAccountServerApplication in 8.222 seconds (JVM running for 10.642)
2016-04-30 01:46:56.401  INFO 79257 --- [Thread-2] ationConfigEmbeddedWebApplicationContext : Closing org.springframework.boot.context.embedded.AnnotationConfigEmbeddedWebApplicationContext@5ba88be8: startup date [Sat Apr 30 01:40:19 CST 2016]; root of context hierarchy
2016-04-30 01:46:56.444  INFO 79257 --- [Thread-2] o.s.c.support.DefaultLifecycleProcessor  : Stopping beans in phase 0
2016-04-30 01:46:56.471  INFO 79257 --- [Thread-2] o.s.j.e.a.AnnotationMBeanExporter        : Unregistering JMX-exposed beans on shutdown
2016-04-30 11:25:55.053  INFO 83416 --- [main] o.a.a.AsionAccountServerApplication      : Starting AsionAccountServerApplication on Luxx.local with PID 83416 (/Users/Asion/Workstation/Personal/java-workspace/asion-project/asion-account/asion-account-server/build/classes/main started by Asion in /Users/Asion/Workstation/Personal/java-workspace/asion-project)
2016-04-30 11:25:55.062  INFO 83416 --- [main] o.a.a.AsionAccountServerApplication      : No active profile set, falling back to default profiles: default
2016-04-30 11:25:55.649  INFO 83416 --- [main] ationConfigEmbeddedWebApplicationContext : Refreshing org.springframework.boot.context.embedded.AnnotationConfigEmbeddedWebApplicationContext@14f9390f: startup date [Sat Apr 30 11:25:55 CST 2016]; root of context hierarchy
2016-04-30 11:25:58.523  INFO 83416 --- [main] s.b.c.e.t.TomcatEmbeddedServletContainer : Tomcat initialized with port(s): 9999 (http)
2016-04-30 11:25:58.548  INFO 83416 --- [main] o.apache.catalina.core.StandardService   : Starting service Tomcat
2016-04-30 11:25:58.550  INFO 83416 --- [main] org.apache.catalina.core.StandardEngine  : Starting Servlet Engine: Apache Tomcat/8.0.32
2016-04-30 11:25:58.782  INFO 83416 --- [localhost-startStop-1] o.a.c.c.C.[Tomcat].[localhost].[/]       : Initializing Spring embedded WebApplicationContext
2016-04-30 11:25:58.782  INFO 83416 --- [localhost-startStop-1] o.s.web.context.ContextLoader            : Root WebApplicationContext: initialization completed in 3138 ms
2016-04-30 11:25:59.170  INFO 83416 --- [localhost-startStop-1] o.s.b.c.e.ServletRegistrationBean        : Mapping servlet: 'dispatcherServlet' to [/]
2016-04-30 11:25:59.178  INFO 83416 --- [localhost-startStop-1] o.s.b.c.embedded.FilterRegistrationBean  : Mapping filter: 'metricFilter' to: [/*]
2016-04-30 11:25:59.179  INFO 83416 --- [localhost-startStop-1] o.s.b.c.embedded.FilterRegistrationBean  : Mapping filter: 'characterEncodingFilter' to: [/*]
2016-04-30 11:25:59.180  INFO 83416 --- [localhost-startStop-1] o.s.b.c.embedded.FilterRegistrationBean  : Mapping filter: 'webRequestLoggingFilter' to: [/*]
2016-04-30 11:25:59.180  INFO 83416 --- [localhost-startStop-1] o.s.b.c.embedded.FilterRegistrationBean  : Mapping filter: 'applicationContextIdFilter' to: [/*]
2016-04-30 11:25:59.665  INFO 83416 --- [main] s.w.s.m.m.a.RequestMappingHandlerMapping : Mapped "{[/delete/{id}]}" onto public org.springframework.web.servlet.ModelAndView org.asion.sample.mvc.MessageController.delete(java.lang.Long)
2016-04-30 11:25:59.667  INFO 83416 --- [main] s.w.s.m.m.a.RequestMappingHandlerMapping : Mapped "{[/],methods=[POST]}" onto public org.springframework.web.servlet.ModelAndView org.asion.sample.mvc.MessageController.create(org.asion.sample.Message,org.springframework.validation.BindingResult,org.springframework.web.servlet.mvc.support.RedirectAttributes)
2016-04-30 11:25:59.667  INFO 83416 --- [main] s.w.s.m.m.a.RequestMappingHandlerMapping : Mapped "{[/]}" onto public org.springframework.web.servlet.ModelAndView org.asion.sample.mvc.MessageController.list()
2016-04-30 11:25:59.668  INFO 83416 --- [main] s.w.s.m.m.a.RequestMappingHandlerMapping : Mapped "{[/{id}]}" onto public org.springframework.web.servlet.ModelAndView org.asion.sample.mvc.MessageController.view(org.asion.sample.Message)
2016-04-30 11:25:59.668  INFO 83416 --- [main] s.w.s.m.m.a.RequestMappingHandlerMapping : Mapped "{[/],methods=[GET],params=[form]}" onto public java.lang.String org.asion.sample.mvc.MessageController.createForm(org.asion.sample.Message)
2016-04-30 11:25:59.669  INFO 83416 --- [main] s.w.s.m.m.a.RequestMappingHandlerMapping : Mapped "{[/foo]}" onto public java.lang.String org.asion.sample.mvc.MessageController.foo()
2016-04-30 11:25:59.669  INFO 83416 --- [main] s.w.s.m.m.a.RequestMappingHandlerMapping : Mapped "{[/modify/{id}],methods=[GET]}" onto public org.springframework.web.servlet.ModelAndView org.asion.sample.mvc.MessageController.modifyForm(org.asion.sample.Message)
2016-04-30 11:25:59.683  INFO 83416 --- [main] s.w.s.m.m.a.RequestMappingHandlerMapping : Mapped "{[/error]}" onto public org.springframework.http.ResponseEntity<java.util.Map<java.lang.String, java.lang.Object>> org.springframework.boot.autoconfigure.web.BasicErrorController.error(javax.servlet.http.HttpServletRequest)
2016-04-30 11:25:59.683  INFO 83416 --- [main] s.w.s.m.m.a.RequestMappingHandlerMapping : Mapped "{[/error],produces=[text/html]}" onto public org.springframework.web.servlet.ModelAndView org.springframework.boot.autoconfigure.web.BasicErrorController.errorHtml(javax.servlet.http.HttpServletRequest,javax.servlet.http.HttpServletResponse)
2016-04-30 11:25:59.735  INFO 83416 --- [main] o.s.w.s.handler.SimpleUrlHandlerMapping  : Mapped URL path [/static/**] onto handler of type [class org.springframework.web.servlet.resource.ResourceHttpRequestHandler]
2016-04-30 11:25:59.735  INFO 83416 --- [main] o.s.w.s.handler.SimpleUrlHandlerMapping  : Mapped URL path [/webjars/**] onto handler of type [class org.springframework.web.servlet.resource.ResourceHttpRequestHandler]
2016-04-30 11:25:59.806  INFO 83416 --- [main] s.w.s.m.m.a.RequestMappingHandlerAdapter : Looking for @ControllerAdvice: org.springframework.boot.context.embedded.AnnotationConfigEmbeddedWebApplicationContext@14f9390f: startup date [Sat Apr 30 11:25:55 CST 2016]; root of context hierarchy
2016-04-30 11:26:00.938  INFO 83416 --- [main] o.s.b.a.e.mvc.EndpointHandlerMapping     : Mapped "{[/env/{name:.*}],methods=[GET],produces=[application/json]}" onto public java.lang.Object org.springframework.boot.actuate.endpoint.mvc.EnvironmentMvcEndpoint.value(java.lang.String)
2016-04-30 11:26:00.939  INFO 83416 --- [main] o.s.b.a.e.mvc.EndpointHandlerMapping     : Mapped "{[/env || /env.json],methods=[GET],produces=[application/json]}" onto public java.lang.Object org.springframework.boot.actuate.endpoint.mvc.EndpointMvcAdapter.invoke()
2016-04-30 11:26:00.940  INFO 83416 --- [main] o.s.b.a.e.mvc.EndpointHandlerMapping     : Mapped "{[/logfile || /logfile.json],methods=[GET || HEAD]}" onto public void org.springframework.boot.actuate.endpoint.mvc.LogFileMvcEndpoint.invoke(javax.servlet.http.HttpServletRequest,javax.servlet.http.HttpServletResponse) throws javax.servlet.ServletException,java.io.IOException
2016-04-30 11:26:00.941  INFO 83416 --- [main] o.s.b.a.e.mvc.EndpointHandlerMapping     : Mapped "{[/info || /info.json],methods=[GET],produces=[application/json]}" onto public java.lang.Object org.springframework.boot.actuate.endpoint.mvc.EndpointMvcAdapter.invoke()
2016-04-30 11:26:00.955  INFO 83416 --- [main] o.s.b.a.e.mvc.EndpointHandlerMapping     : Mapped "{[/trace || /trace.json],methods=[GET],produces=[application/json]}" onto public java.lang.Object org.springframework.boot.actuate.endpoint.mvc.EndpointMvcAdapter.invoke()
2016-04-30 11:26:00.957  INFO 83416 --- [main] o.s.b.a.e.mvc.EndpointHandlerMapping     : Mapped "{[/health || /health.json],produces=[application/json]}" onto public java.lang.Object org.springframework.boot.actuate.endpoint.mvc.HealthMvcEndpoint.invoke(java.security.Principal)
2016-04-30 11:26:00.958  INFO 83416 --- [main] o.s.b.a.e.mvc.EndpointHandlerMapping     : Mapped "{[/mappings || /mappings.json],methods=[GET],produces=[application/json]}" onto public java.lang.Object org.springframework.boot.actuate.endpoint.mvc.EndpointMvcAdapter.invoke()
2016-04-30 11:26:00.959  INFO 83416 --- [main] o.s.b.a.e.mvc.EndpointHandlerMapping     : Mapped "{[/dump || /dump.json],methods=[GET],produces=[application/json]}" onto public java.lang.Object org.springframework.boot.actuate.endpoint.mvc.EndpointMvcAdapter.invoke()
2016-04-30 11:26:00.961  INFO 83416 --- [main] o.s.b.a.e.mvc.EndpointHandlerMapping     : Mapped "{[/metrics/{name:.*}],methods=[GET],produces=[application/json]}" onto public java.lang.Object org.springframework.boot.actuate.endpoint.mvc.MetricsMvcEndpoint.value(java.lang.String)
2016-04-30 11:26:00.964  INFO 83416 --- [main] o.s.b.a.e.mvc.EndpointHandlerMapping     : Mapped "{[/metrics || /metrics.json],methods=[GET],produces=[application/json]}" onto public java.lang.Object org.springframework.boot.actuate.endpoint.mvc.EndpointMvcAdapter.invoke()
2016-04-30 11:26:00.967  INFO 83416 --- [main] o.s.b.a.e.mvc.EndpointHandlerMapping     : Mapped "{[/beans || /beans.json],methods=[GET],produces=[application/json]}" onto public java.lang.Object org.springframework.boot.actuate.endpoint.mvc.EndpointMvcAdapter.invoke()
2016-04-30 11:26:00.968  INFO 83416 --- [main] o.s.b.a.e.mvc.EndpointHandlerMapping     : Mapped "{[/configprops || /configprops.json],methods=[GET],produces=[application/json]}" onto public java.lang.Object org.springframework.boot.actuate.endpoint.mvc.EndpointMvcAdapter.invoke()
2016-04-30 11:26:00.969  INFO 83416 --- [main] o.s.b.a.e.mvc.EndpointHandlerMapping     : Mapped "{[/autoconfig || /autoconfig.json],methods=[GET],produces=[application/json]}" onto public java.lang.Object org.springframework.boot.actuate.endpoint.mvc.EndpointMvcAdapter.invoke()
2016-04-30 11:26:01.754  INFO 83416 --- [main] o.s.j.e.a.AnnotationMBeanExporter        : Registering beans for JMX exposure on startup
2016-04-30 11:26:01.772  INFO 83416 --- [main] o.s.c.support.DefaultLifecycleProcessor  : Starting beans in phase 0
2016-04-30 11:26:02.224  INFO 83416 --- [main] s.b.c.e.t.TomcatEmbeddedServletContainer : Tomcat started on port(s): 9999 (http)
2016-04-30 11:26:02.232  INFO 83416 --- [main] o.a.a.AsionAccountServerApplication      : Started AsionAccountServerApplication in 8.298 seconds (JVM running for 10.702)
2016-04-30 11:29:17.465  INFO 83416 --- [Thread-2] ationConfigEmbeddedWebApplicationContext : Closing org.springframework.boot.context.embedded.AnnotationConfigEmbeddedWebApplicationContext@14f9390f: startup date [Sat Apr 30 11:25:55 CST 2016]; root of context hierarchy
2016-04-30 11:29:17.485  INFO 83416 --- [Thread-2] o.s.c.support.DefaultLifecycleProcessor  : Stopping beans in phase 0
2016-04-30 11:29:17.510  INFO 83416 --- [Thread-2] o.s.j.e.a.AnnotationMBeanExporter        : Unregistering JMX-exposed beans on shutdown
